<?xml version="1.0" encoding="UTF-8"?>
<!-- Generated by org.testng.reporters.JUnitReportReporter -->
<testsuite name="com.newtours.test.BookFlightTest" tests="1" time="0.085" ignored="0" failures="0" timestamp="18 Sep 2020 20:28:18 GMT" skipped="0" hostname="LAPTOP-R70PKC5N" errors="0">
  <testcase name="registrationPage" time="0.085" classname="com.newtours.test.BookFlightTest"/>
</testsuite> <!-- com.newtours.test.BookFlightTest -->
