<?xml version="1.0" encoding="UTF-8"?>
<!-- Generated by org.testng.reporters.JUnitReportReporter -->
<testsuite name="com.newtours.test.DuckDuckTest" tests="1" time="0.008" ignored="0" failures="0" timestamp="15 Sep 2020 18:49:58 GMT" skipped="0" hostname="LAPTOP-R70PKC5N" errors="0">
  <testcase name="registrationPage" time="0.008" classname="com.newtours.test.DuckDuckTest"/>
</testsuite> <!-- com.newtours.test.DuckDuckTest -->
